::1 - - [21/Jul/2025 00:44:38] "GET / HTTP/1.1" 200 -
::1 - - [21/Jul/2025 00:45:09] "GET / HTTP/1.1" 200 -
::1 - - [21/Jul/2025 00:45:09] "GET /app.js HTTP/1.1" 200 -
::1 - - [21/Jul/2025 00:45:10] code 404, message File not found
::1 - - [21/Jul/2025 00:45:10] "GET /favicon.ico HTTP/1.1" 404 -
::1 - - [21/Jul/2025 00:45:40] "GET / HTTP/1.1" 304 -
::1 - - [21/Jul/2025 00:45:40] "GET /app.js HTTP/1.1" 304 -
::1 - - [21/Jul/2025 00:46:01] "GET / HTTP/1.1" 304 -
::1 - - [21/Jul/2025 00:46:01] "GET /app.js HTTP/1.1" 304 -
::1 - - [21/Jul/2025 00:46:56] "GET / HTTP/1.1" 304 -
::1 - - [21/Jul/2025 00:46:56] "GET /app.js HTTP/1.1" 304 -
::1 - - [21/Jul/2025 00:49:40] "GET / HTTP/1.1" 304 -
::1 - - [21/Jul/2025 00:49:41] "GET /app.js HTTP/1.1" 304 -
::1 - - [21/Jul/2025 00:59:26] "GET / HTTP/1.1" 304 -
::1 - - [21/Jul/2025 00:59:26] "GET /app.js HTTP/1.1" 304 -
::1 - - [21/Jul/2025 00:59:29] "GET / HTTP/1.1" 304 -
::1 - - [21/Jul/2025 01:01:00] "GET / HTTP/1.1" 304 -
::1 - - [21/Jul/2025 01:02:13] "GET /app.js HTTP/1.1" 304 -
::1 - - [21/Jul/2025 01:03:44] "HEAD / HTTP/1.1" 200 -
::1 - - [21/Jul/2025 01:09:01] "GET / HTTP/1.1" 200 -
::1 - - [21/Jul/2025 01:09:01] "GET /massa-connector.js?v=2 HTTP/1.1" 200 -
::1 - - [21/Jul/2025 01:09:01] "GET /app.js?v=2 HTTP/1.1" 200 -
::1 - - [21/Jul/2025 01:09:12] "GET / HTTP/1.1" 304 -
::1 - - [21/Jul/2025 01:16:28] "GET / HTTP/1.1" 200 -
::1 - - [21/Jul/2025 01:16:28] "GET /buildnet-monitor.js?v=1 HTTP/1.1" 200 -
::1 - - [21/Jul/2025 01:22:07] "GET / HTTP/1.1" 304 -
::1 - - [21/Jul/2025 01:22:07] "GET /buildnet-monitor.js?v=1 HTTP/1.1" 304 -
::1 - - [21/Jul/2025 01:30:01] "GET / HTTP/1.1" 304 -
::1 - - [21/Jul/2025 01:30:01] "GET /buildnet-monitor.js?v=1 HTTP/1.1" 304 -
